[0.598s] Invoking command in '/home/robot/workspace2/team6_ws/src/send_script': PYTHONPATH=/home/robot/workspace2/team6_ws/build/send_script/prefix_override:/home/robot/workspace2/team6_ws/install/send_script/lib/python3.6/site-packages:${PYTHONPATH} /usr/bin/python3 setup.py egg_info --egg-base ../../build/send_script build --build-base /home/robot/workspace2/team6_ws/build/send_script/build install --record /home/robot/workspace2/team6_ws/build/send_script/install.log --install-scripts $base/lib/send_script --single-version-externally-managed
[0.834s] running egg_info
[0.834s] writing ../../build/send_script/send_script.egg-info/PKG-INFO
[0.834s] writing dependency_links to ../../build/send_script/send_script.egg-info/dependency_links.txt
[0.834s] writing entry points to ../../build/send_script/send_script.egg-info/entry_points.txt
[0.834s] writing requirements to ../../build/send_script/send_script.egg-info/requires.txt
[0.835s] writing top-level names to ../../build/send_script/send_script.egg-info/top_level.txt
[0.858s] reading manifest file '../../build/send_script/send_script.egg-info/SOURCES.txt'
[0.859s] writing manifest file '../../build/send_script/send_script.egg-info/SOURCES.txt'
[0.859s] running build
[0.859s] running build_py
[0.859s] copying send_script/image_sub.py -> /home/robot/workspace2/team6_ws/build/send_script/build/lib/send_script
[0.859s] running install
[0.860s] running install_lib
[0.860s] copying /home/robot/workspace2/team6_ws/build/send_script/build/lib/send_script/image_sub.py -> /home/robot/workspace2/team6_ws/install/send_script/lib/python3.6/site-packages/send_script
[0.861s] byte-compiling /home/robot/workspace2/team6_ws/install/send_script/lib/python3.6/site-packages/send_script/image_sub.py to image_sub.cpython-36.pyc
[0.861s] running install_data
[0.862s] running install_egg_info
[0.863s] removing '/home/robot/workspace2/team6_ws/install/send_script/lib/python3.6/site-packages/send_script-0.0.0-py3.6.egg-info' (and everything under it)
[0.863s] Copying ../../build/send_script/send_script.egg-info to /home/robot/workspace2/team6_ws/install/send_script/lib/python3.6/site-packages/send_script-0.0.0-py3.6.egg-info
[0.863s] running install_scripts
[0.877s] Installing img_sub script to /home/robot/workspace2/team6_ws/install/send_script/lib/send_script
[0.877s] Installing send_script script to /home/robot/workspace2/team6_ws/install/send_script/lib/send_script
[0.877s] writing list of installed files to '/home/robot/workspace2/team6_ws/build/send_script/install.log'
[0.890s] Invoked command in '/home/robot/workspace2/team6_ws/src/send_script' returned '0': PYTHONPATH=/home/robot/workspace2/team6_ws/build/send_script/prefix_override:/home/robot/workspace2/team6_ws/install/send_script/lib/python3.6/site-packages:${PYTHONPATH} /usr/bin/python3 setup.py egg_info --egg-base ../../build/send_script build --build-base /home/robot/workspace2/team6_ws/build/send_script/build install --record /home/robot/workspace2/team6_ws/build/send_script/install.log --install-scripts $base/lib/send_script --single-version-externally-managed
